** Drc report for SATVIK-26.kicad_pcb **
** Created on 2026-07-23T12:08:40 **
** Report includes: Errors, Warnings, Exclusions **

** Found 0 DRC violations **

** Found 0 unconnected pads **

** Found 0 Footprint errors **

** Ignored checks **
    - Hole clearance violation
    - Footprint has no courtyard defined
    - Track endpoint not centered on via
    - Tuning profile track geometries
    - Footprint doesn't match symbol's footprint filters
    - Silkscreen clearance
    - Silkscreen clipped by solder mask
    - Silkscreen clipped by board edge
    - Text height out of range
    - Text thickness out of range
    - Mirrored text on front layer
    - Non-Mirrored text on back layer
    - Footprint component type doesn't match footprint pads
    - Footprint doesn't match copy in library

** End of Report **
