** Drc report for SATVIK-26.kicad_pcb **
** Created on 2026-07-21T20:22:41 **
** Report includes: Errors, Warnings, Exclusions **

** Found 25 DRC violations **
[silk_edge_clearance]: Silkscreen clipped by board edge
    Rule: board setup constraints silk; warning
    @(56.5000 mm, 48.6750 mm): Rectangle on Edge.Cuts
    @(82.3375 mm, 84.4600 mm): Polygon of U6 on F.Silkscreen
[silk_edge_clearance]: Silkscreen clipped by board edge
    Rule: board setup constraints silk; warning
    @(56.5000 mm, 48.6750 mm): Rectangle on Edge.Cuts
    @(69.1800 mm, 85.8875 mm): Segment of USB1 on F.Silkscreen
[silk_edge_clearance]: Silkscreen clipped by board edge
    Rule: board setup constraints silk; warning
    @(56.5000 mm, 48.6750 mm): Rectangle on Edge.Cuts
    @(78.2500 mm, 85.7475 mm): Segment of USB1 on F.Silkscreen
[lib_footprint_mismatch]: Footprint 'USB-C-SMD_TYPE-C-16PIN-2MD-073' does not match copy in library 'easyeda2kicad'
    Local override; warning
    @(73.6800 mm, 80.9175 mm): Footprint USB1
[silk_overlap]: Silkscreen clearance
    Rule: board setup constraints silk; warning
    @(67.2650 mm, 80.2650 mm): Segment of D3 on F.Silkscreen
    @(67.2350 mm, 82.5125 mm): Segment of D4 on F.Silkscreen
[silk_overlap]: Silkscreen clearance
    Rule: board setup constraints silk; warning
    @(68.7350 mm, 80.2650 mm): Segment of D3 on F.Silkscreen
    @(67.2350 mm, 82.5125 mm): Segment of D4 on F.Silkscreen
[silk_overlap]: Silkscreen clearance
    Rule: board setup constraints silk; warning
    @(67.2650 mm, 80.2650 mm): Segment of D3 on F.Silkscreen
    @(67.2350 mm, 80.2275 mm): Segment of D4 on F.Silkscreen
[silk_overlap]: Silkscreen clearance
    Rule: board setup constraints silk; warning
    @(68.7350 mm, 80.2650 mm): Segment of D3 on F.Silkscreen
    @(67.2350 mm, 80.2275 mm): Segment of D4 on F.Silkscreen
[silk_overlap]: Silkscreen clearance
    Rule: board setup constraints silk; warning
    @(65.7650 mm, 80.2275 mm): Segment of D4 on F.Silkscreen
    @(65.7350 mm, 83.2725 mm): Segment of D5 on F.Silkscreen
[silk_overlap]: Silkscreen clearance
    Rule: board setup constraints silk; warning
    @(68.4300 mm, 76.3300 mm): Segment of Y1 on F.Silkscreen
    @(65.9336 mm, 76.3700 mm): Segment of R20 on F.Silkscreen
[silk_overlap]: Silkscreen clearance
    Rule: board setup constraints silk; warning
    @(68.4300 mm, 76.3300 mm): Segment of Y1 on F.Silkscreen
    @(67.8778 mm, 76.3900 mm): Segment of C22 on F.Silkscreen
[silk_overlap]: Silkscreen clearance
    Rule: board setup constraints silk; warning
    @(80.8250 mm, 50.4400 mm): Segment of U2 on F.Silkscreen
    @(81.7500 mm, 50.5000 mm): Reference field of U2
[silk_over_copper]: Silkscreen clipped by solder mask
    Local override; warning
    @(69.2300 mm, 78.2675 mm): Circle of USB1 on F.Silkscreen
    @(69.3600 mm, 79.0875 mm): PTH pad 13 [GND] of USB1
[silk_over_copper]: Silkscreen clipped by solder mask
    Local override; warning
    @(69.1800 mm, 82.3075 mm): Segment of USB1 on F.Silkscreen
    @(69.3600 mm, 83.2975 mm): PTH pad 13 [GND] of USB1
[silk_over_copper]: Silkscreen clipped by solder mask
    Local override; warning
    @(64.1400 mm, 76.5600 mm): Segment of Y1 on F.Silkscreen
    @(65.2700 mm, 76.7500 mm): Pad 2 [+5V] of R20 on F.Cu
[silk_over_copper]: Silkscreen clipped by solder mask
    Local override; warning
    @(64.1400 mm, 76.5600 mm): Segment of Y1 on F.Silkscreen
    @(66.2900 mm, 76.7500 mm): Pad 1 [Net-(D3-A)] of R20 on F.Cu
[silk_over_copper]: Silkscreen clipped by solder mask
    Local override; warning
    @(64.1400 mm, 76.5600 mm): Segment of Y1 on F.Silkscreen
    @(64.2500 mm, 76.7900 mm): Pad 1 [GND] of C28 on F.Cu
[silk_over_copper]: Silkscreen clipped by solder mask
    Local override; warning
    @(80.5000 mm, 79.2500 mm): Reference field of U4
    @(80.7500 mm, 77.9900 mm): Pad 9 [unconnected-(U4-INT2/FSYNC/CLKIN-Pad9)] of U4 on F.Cu
[silk_over_copper]: Silkscreen clipped by solder mask
    Local override; warning
    @(64.1400 mm, 74.9000 mm): Segment of Y1 on F.Silkscreen
    @(64.2500 mm, 76.7900 mm): Pad 1 [GND] of C28 on F.Cu
[silk_over_copper]: Silkscreen clipped by solder mask
    Local override; warning
    @(69.1800 mm, 85.8875 mm): Segment of USB1 on F.Silkscreen
    @(69.3600 mm, 83.2975 mm): PTH pad 13 [GND] of USB1
[silk_over_copper]: Silkscreen clipped by solder mask
    Local override; warning
    @(78.2500 mm, 85.7475 mm): Segment of USB1 on F.Silkscreen
    @(78.0000 mm, 83.2975 mm): PTH pad 14 [GND] of USB1
[silk_over_copper]: Silkscreen clipped by solder mask
    Local override; warning
    @(78.2500 mm, 82.3175 mm): Segment of USB1 on F.Silkscreen
    @(78.0000 mm, 83.2975 mm): PTH pad 14 [GND] of USB1
[silk_over_copper]: Silkscreen clipped by solder mask
    Local override; warning
    @(79.4500 mm, 49.3000 mm): Segment of L1 on F.Silkscreen
    @(79.2300 mm, 54.0000 mm): Pad 2 [+5V] of L1 on F.Cu
[silk_over_copper]: Silkscreen clipped by solder mask
    Local override; warning
    @(81.7500 mm, 50.5000 mm): Reference field of U2
    @(81.4800 mm, 49.9375 mm): Pad 4 [Net-(U2-RT/CLK)] of U2 on F.Cu
[silk_over_copper]: Silkscreen clipped by solder mask
    Local override; warning
    @(81.7500 mm, 50.5000 mm): Reference field of U2
    @(82.7500 mm, 49.9375 mm): Pad 3 [Net-(U2-EN)] of U2 on F.Cu

** Found 208 unconnected pads **
[unconnected_items]: Missing connection between items
    Local override; error
    @(66.0000 mm, 79.6350 mm): Pad 2 [Net-(C1-Pad2)] of C1 on F.Cu
    @(82.2500 mm, 76.1750 mm): Pad 48 [Net-(C1-Pad2)] of U1 on F.Cu
[unconnected_items]: Missing connection between items
    Local override; error
    @(57.2500 mm, 75.0400 mm): Pad 2 [GND] of C23 on F.Cu
    @(58.2500 mm, 76.0000 mm): Pad 1 [GND] of C24 on F.Cu
[unconnected_items]: Missing connection between items
    Local override; error
    @(57.2500 mm, 76.8900 mm): Pad 2 [GND] of C12 on F.Cu
    @(58.2500 mm, 76.8900 mm): Pad 2 [GND] of C13 on F.Cu
[unconnected_items]: Missing connection between items
    Local override; error
    @(58.2500 mm, 76.0000 mm): Pad 1 [GND] of C24 on F.Cu
    @(58.2500 mm, 76.8900 mm): Pad 2 [GND] of C13 on F.Cu
[unconnected_items]: Missing connection between items
    Local override; error
    @(58.2500 mm, 76.0000 mm): Pad 1 [GND] of C24 on F.Cu
    @(59.2500 mm, 75.0400 mm): Pad 2 [GND] of C25 on F.Cu
[unconnected_items]: Missing connection between items
    Local override; error
    @(60.2500 mm, 75.0200 mm): Pad 2 [GND] of C26 on F.Cu
    @(59.2500 mm, 75.0400 mm): Pad 2 [GND] of C25 on F.Cu
[unconnected_items]: Missing connection between items
    Local override; error
    @(61.2500 mm, 75.0200 mm): Pad 2 [GND] of C27 on F.Cu
    @(60.2500 mm, 75.0200 mm): Pad 2 [GND] of C26 on F.Cu
[unconnected_items]: Missing connection between items
    Local override; error
    @(61.2500 mm, 75.0200 mm): Pad 2 [GND] of C27 on F.Cu
    @(61.2500 mm, 76.8900 mm): Pad 2 [GND] of C20 on F.Cu
[unconnected_items]: Missing connection between items
    Local override; error
    @(61.2500 mm, 76.8900 mm): Pad 2 [GND] of C20 on F.Cu
    @(60.2500 mm, 76.8900 mm): Pad 2 [GND] of C19 on F.Cu
[unconnected_items]: Missing connection between items
    Local override; error
    @(61.2500 mm, 76.8900 mm): Pad 2 [GND] of C20 on F.Cu
    @(62.2500 mm, 77.0200 mm): Pad 1 [GND] of C5 on F.Cu
[unconnected_items]: Missing connection between items
    Local override; error
    @(61.6750 mm, 59.3000 mm): Pad 2 [GND] of J5 on F.Cu
    @(64.2500 mm, 57.4750 mm): Pad 2 [GND] of C17 on F.Cu
[unconnected_items]: Missing connection between items
    Local override; error
    @(61.6750 mm, 66.8000 mm): Pad 8 [GND] of J2 on B.Cu
    @(61.6750 mm, 69.0500 mm): Pad 2 [GND] of J7 on F.Cu
[unconnected_items]: Missing connection between items
    Local override; error
    @(62.2500 mm, 75.0600 mm): Pad 1 [GND] of C4 on F.Cu
    @(61.2500 mm, 75.0200 mm): Pad 2 [GND] of C27 on F.Cu
[unconnected_items]: Missing connection between items
    Local override; error
    @(62.2500 mm, 75.0600 mm): Pad 1 [GND] of C4 on F.Cu
    @(63.7500 mm, 73.2500 mm): Pad 2 [GND] of C2 on F.Cu
[unconnected_items]: Missing connection between items
    Local override; error
    @(62.2500 mm, 77.0200 mm): Pad 1 [GND] of C5 on F.Cu
    @(64.2500 mm, 76.7900 mm): Pad 1 [GND] of C28 on F.Cu
[unconnected_items]: Missing connection between items
    Local override; error
    @(63.5000 mm, 79.0000 mm): Pad 2 [GND] of C14 on F.Cu
    @(65.0000 mm, 79.7300 mm): Pad 2 [GND] of C30 on F.Cu
[unconnected_items]: Missing connection between items
    Local override; error
    @(63.7500 mm, 73.2500 mm): Pad 2 [GND] of C2 on F.Cu
    @(61.6750 mm, 69.0500 mm): Pad 2 [GND] of J7 on F.Cu
[unconnected_items]: Missing connection between items
    Local override; error
    @(64.2500 mm, 52.7250 mm): Pad 1 [GND] of C6 on F.Cu
    @(66.7500 mm, 52.7250 mm): Pad 1 [GND] of C7 on F.Cu
[unconnected_items]: Missing connection between items
    Local override; error
    @(64.2500 mm, 76.7900 mm): Pad 1 [GND] of C28 on F.Cu
    @(63.5000 mm, 79.0000 mm): Pad 2 [GND] of C14 on F.Cu
[unconnected_items]: Missing connection between items
    Local override; error
    @(65.0000 mm, 82.5750 mm): Pad 1 [GND] of D5 on F.Cu
    @(63.5000 mm, 83.7750 mm): Pad 2 [GND] of C15 on F.Cu
[unconnected_items]: Missing connection between items
    Local override; error
    @(65.8200 mm, 55.7150 mm): Pad SH [GND] of J1 on B.Cu
    @(64.2500 mm, 57.4750 mm): Pad 2 [GND] of C17 on F.Cu
[unconnected_items]: Missing connection between items
    Local override; error
    @(65.8200 mm, 66.0650 mm): Pad SH [GND] of J1 on B.Cu
    @(61.6750 mm, 66.8000 mm): Pad 8 [GND] of J2 on B.Cu
[unconnected_items]: Missing connection between items
    Local override; error
    @(65.8200 mm, 66.0650 mm): Pad SH [GND] of J1 on B.Cu
    @(68.9800 mm, 60.5000 mm): Pad 1 [GND] of R6 on F.Cu
[unconnected_items]: Missing connection between items
    Local override; error
    @(66.0000 mm, 78.6750 mm): Pad 1 [GND] of C1 on F.Cu
    @(67.0000 mm, 79.6350 mm): Pad 2 [GND] of C11 on F.Cu
[unconnected_items]: Missing connection between items
    Local override; error
    @(66.0000 mm, 78.6750 mm): Pad 1 [GND] of C1 on F.Cu
    @(65.0000 mm, 79.7300 mm): Pad 2 [GND] of C30 on F.Cu
[unconnected_items]: Missing connection between items
    Local override; error
    @(66.0000 mm, 78.6750 mm): Pad 1 [GND] of C1 on F.Cu
    @(67.2900 mm, 76.7500 mm): Pad 2 [GND] of C22 on F.Cu
[unconnected_items]: Missing connection between items
    Local override; error
    @(66.5000 mm, 80.9250 mm): Pad 1 [GND] of D4 on F.Cu
    @(65.0000 mm, 82.5750 mm): Pad 1 [GND] of D5 on F.Cu
[unconnected_items]: Missing connection between items
    Local override; error
    @(66.7500 mm, 52.7250 mm): Pad 1 [GND] of C7 on F.Cu
    @(65.8200 mm, 55.7150 mm): Pad SH [GND] of J1 on B.Cu
[unconnected_items]: Missing connection between items
    Local override; error
    @(66.7500 mm, 57.4750 mm): Pad 2 [GND] of C18 on F.Cu
    @(65.8200 mm, 55.7150 mm): Pad SH [GND] of J1 on B.Cu
[unconnected_items]: Missing connection between items
    Local override; error
    @(67.0000 mm, 79.6350 mm): Pad 2 [GND] of C11 on F.Cu
    @(68.0000 mm, 79.6550 mm): Pad 2 [GND] of C10 on F.Cu
[unconnected_items]: Missing connection between items
    Local override; error
    @(67.0000 mm, 79.6350 mm): Pad 2 [GND] of C11 on F.Cu
    @(66.5000 mm, 80.9250 mm): Pad 1 [GND] of D4 on F.Cu
[unconnected_items]: Missing connection between items
    Local override; error
    @(67.5250 mm, 59.0000 mm): Pad 1 [GND] of SW1 on F.Cu
    @(66.7500 mm, 57.4750 mm): Pad 2 [GND] of C18 on F.Cu
[unconnected_items]: Missing connection between items
    Local override; error
    @(68.0000 mm, 80.9625 mm): Pad 1 [GND] of D3 on F.Cu
    @(68.0000 mm, 79.6550 mm): Pad 2 [GND] of C10 on F.Cu
[unconnected_items]: Missing connection between items
    Local override; error
    @(68.0000 mm, 80.9625 mm): Pad 1 [GND] of D3 on F.Cu
    @(69.3600 mm, 83.2975 mm): PTH pad 13 [GND] of USB1
[unconnected_items]: Missing connection between items
    Local override; error
    @(68.9800 mm, 60.5000 mm): Pad 1 [GND] of R6 on F.Cu
    @(67.5250 mm, 59.0000 mm): Pad 1 [GND] of SW1 on F.Cu
[unconnected_items]: Missing connection between items
    Local override; error
    @(68.9800 mm, 60.5000 mm): Pad 1 [GND] of R6 on F.Cu
    @(71.7500 mm, 60.8250 mm): Pad 99 [GND] of U1 on F.Cu
[unconnected_items]: Missing connection between items
    Local override; error
    @(69.3600 mm, 79.0875 mm): PTH pad 13 [GND] of USB1
    @(70.4800 mm, 78.5375 mm): Pad A1B12 [GND] of USB1 on F.Cu
[unconnected_items]: Missing connection between items
    Local override; error
    @(69.3600 mm, 79.0875 mm): PTH pad 13 [GND] of USB1
    @(68.0000 mm, 79.6550 mm): Pad 2 [GND] of C10 on F.Cu
[unconnected_items]: Missing connection between items
    Local override; error
    @(69.5750 mm, 67.0000 mm): Pad 10 [GND] of U1 on F.Cu
    @(69.9200 mm, 70.3650 mm): Pad 6 [GND] of J1 on B.Cu
[unconnected_items]: Missing connection between items
    Local override; error
    @(69.5750 mm, 67.0000 mm): Pad 10 [GND] of U1 on F.Cu
    @(65.8200 mm, 66.0650 mm): Pad SH [GND] of J1 on B.Cu
[unconnected_items]: Missing connection between items
    Local override; error
    @(69.5750 mm, 71.5000 mm): Pad 19 [GND] of U1 on F.Cu
    @(69.9200 mm, 70.3650 mm): Pad 6 [GND] of J1 on B.Cu
[unconnected_items]: Missing connection between items
    Local override; error
    @(70.2300 mm, 77.2500 mm): Pad 2 [GND] of C29 on F.Cu
    @(70.4800 mm, 78.5375 mm): Pad A1B12 [GND] of USB1 on F.Cu
[unconnected_items]: Missing connection between items
    Local override; error
    @(70.2700 mm, 76.2500 mm): Pad 2 [GND] of R3 on F.Cu
    @(70.2300 mm, 77.2500 mm): Pad 2 [GND] of C29 on F.Cu
[unconnected_items]: Missing connection between items
    Local override; error
    @(71.2500 mm, 76.1750 mm): Pad 26 [GND] of U1 on F.Cu
    @(70.2700 mm, 76.2500 mm): Pad 2 [GND] of R3 on F.Cu
[unconnected_items]: Missing connection between items
    Local override; error
    @(74.5250 mm, 75.1750 mm): Pad 2 [GND] of D2 on B.Cu
    @(71.2500 mm, 76.1750 mm): Pad 26 [GND] of U1 on F.Cu
[unconnected_items]: Missing connection between items
    Local override; error
    @(76.8800 mm, 78.5375 mm): Pad B1A12 [GND] of USB1 on F.Cu
    @(74.5250 mm, 75.1750 mm): Pad 2 [GND] of D2 on B.Cu
[unconnected_items]: Missing connection between items
    Local override; error
    @(76.9700 mm, 70.3650 mm): Pad SH [GND] of J1 on B.Cu
    @(74.5250 mm, 75.1750 mm): Pad 2 [GND] of D2 on B.Cu
[unconnected_items]: Missing connection between items
    Local override; error
    @(78.0000 mm, 79.0875 mm): PTH pad 14 [GND] of USB1
    @(76.8800 mm, 78.5375 mm): Pad B1A12 [GND] of USB1 on F.Cu
[unconnected_items]: Missing connection between items
    Local override; error
    @(79.3200 mm, 55.2650 mm): Pad SH [GND] of J1 on B.Cu
    @(82.0850 mm, 53.1500 mm): PTH pad 9 [GND] of U2
[unconnected_items]: Missing connection between items
    Local override; error
    @(81.5100 mm, 79.2500 mm): Pad 6 [GND] of U4 on F.Cu
    @(82.5000 mm, 81.0200 mm): Pad 2 [GND] of R13 on F.Cu
[unconnected_items]: Missing connection between items
    Local override; error
    @(81.5100 mm, 79.2500 mm): Pad 6 [GND] of U4 on F.Cu
    @(82.7500 mm, 76.1750 mm): Pad 49 [GND] of U1 on F.Cu
[unconnected_items]: Missing connection between items
    Local override; error
    @(81.5100 mm, 79.2500 mm): Pad 6 [GND] of U4 on F.Cu
    @(78.0000 mm, 79.0875 mm): PTH pad 14 [GND] of USB1
[unconnected_items]: Missing connection between items
    Local override; error
    @(82.0250 mm, 82.9500 mm): Pad 2 [GND] of U6 on F.Cu
    @(82.5000 mm, 81.0200 mm): Pad 2 [GND] of R13 on F.Cu
[unconnected_items]: Missing connection between items
    Local override; error
    @(82.0250 mm, 82.9500 mm): Pad 2 [GND] of U6 on F.Cu
    @(78.0000 mm, 83.2975 mm): PTH pad 14 [GND] of USB1
[unconnected_items]: Missing connection between items
    Local override; error
    @(82.1750 mm, 75.6750 mm): Pad 2 [GND] of D1 on B.Cu
    @(82.7500 mm, 76.1750 mm): Pad 49 [GND] of U1 on F.Cu
[unconnected_items]: Missing connection between items
    Local override; error
    @(82.5000 mm, 81.0200 mm): Pad 2 [GND] of R13 on F.Cu
    @(83.5000 mm, 80.0000 mm): Pad 2 [GND] of R9 on F.Cu
[unconnected_items]: Missing connection between items
    Local override; error
    @(83.3850 mm, 53.1500 mm): PTH pad 9 [GND] of U2
    @(84.0200 mm, 55.0625 mm): Pad 7 [GND] of U2 on F.Cu
[unconnected_items]: Missing connection between items
    Local override; error
    @(83.7500 mm, 83.0000 mm): Pad 2 [GND] of R4 on F.Cu
    @(82.0250 mm, 82.9500 mm): Pad 2 [GND] of U6 on F.Cu
[unconnected_items]: Missing connection between items
    Local override; error
    @(83.7500 mm, 83.0000 mm): Pad 2 [GND] of R4 on F.Cu
    @(85.7150 mm, 84.0000 mm): Pad 2 [GND] of R12 on F.Cu
[unconnected_items]: Missing connection between items
    Local override; error
    @(84.3800 mm, 79.7500 mm): Pad 8 [GND] of U5 on F.Cu
    @(84.3800 mm, 80.2500 mm): Pad 9 [GND] of U5 on F.Cu
[unconnected_items]: Missing connection between items
    Local override; error
    @(84.3800 mm, 79.7500 mm): Pad 8 [GND] of U5 on F.Cu
    @(86.1200 mm, 79.7500 mm): Pad 5 [GND] of U5 on F.Cu
[unconnected_items]: Missing connection between items
    Local override; error
    @(84.3800 mm, 80.2500 mm): Pad 9 [GND] of U5 on F.Cu
    @(83.5000 mm, 80.0000 mm): Pad 2 [GND] of R9 on F.Cu
[unconnected_items]: Missing connection between items
    Local override; error
    @(84.8875 mm, 58.0000 mm): Pad 2 [GND] of U3 on F.Cu
    @(84.0200 mm, 55.0625 mm): Pad 7 [GND] of U2 on F.Cu
[unconnected_items]: Missing connection between items
    Local override; error
    @(84.8875 mm, 58.0000 mm): Pad 2 [GND] of U3 on F.Cu
    @(85.5000 mm, 61.2500 mm): Pad 2 [GND] of C8 on F.Cu
[unconnected_items]: Missing connection between items
    Local override; error
    @(84.9250 mm, 63.0000 mm): Pad 74 [GND] of U1 on F.Cu
    @(85.5000 mm, 61.2500 mm): Pad 2 [GND] of C8 on F.Cu
[unconnected_items]: Missing connection between items
    Local override; error
    @(84.9250 mm, 63.0000 mm): Pad 74 [GND] of U1 on F.Cu
    @(86.5000 mm, 64.1550 mm): Pad 1 [GND] of C21 on F.Cu
[unconnected_items]: Missing connection between items
    Local override; error
    @(85.5000 mm, 61.2500 mm): Pad 2 [GND] of C8 on F.Cu
    @(87.4750 mm, 60.5250 mm): Pad 2 [GND] of J6 on F.Cu
[unconnected_items]: Missing connection between items
    Local override; error
    @(86.1200 mm, 80.7500 mm): Pad 3 [GND] of U5 on F.Cu
    @(86.1200 mm, 79.7500 mm): Pad 5 [GND] of U5 on F.Cu
[unconnected_items]: Missing connection between items
    Local override; error
    @(86.5000 mm, 64.1550 mm): Pad 1 [GND] of C21 on F.Cu
    @(86.5000 mm, 66.1350 mm): Pad 1 [GND] of C9 on F.Cu
[unconnected_items]: Missing connection between items
    Local override; error
    @(86.5000 mm, 66.1350 mm): Pad 1 [GND] of C9 on F.Cu
    @(87.4750 mm, 68.0250 mm): Pad 3 [GND] of J4 on B.Cu
[unconnected_items]: Missing connection between items
    Local override; error
    @(87.4750 mm, 68.0250 mm): Pad 3 [GND] of J4 on B.Cu
    @(87.4750 mm, 72.6750 mm): Pad 2 [GND] of J3 on F.Cu
[unconnected_items]: Missing connection between items
    Local override; error
    @(87.4750 mm, 72.6750 mm): Pad 2 [GND] of J3 on F.Cu
    @(89.0000 mm, 77.6750 mm): Pad 1 [GND] of R1 on F.Cu
[unconnected_items]: Missing connection between items
    Local override; error
    @(89.0000 mm, 77.6750 mm): Pad 1 [GND] of R1 on F.Cu
    @(86.1200 mm, 79.7500 mm): Pad 5 [GND] of U5 on F.Cu
[unconnected_items]: Missing connection between items
    Local override; error
    @(63.7500 mm, 74.2100 mm): Pad 1 [Net-(C2-Pad1)] of C2 on F.Cu
    @(84.9250 mm, 63.5000 mm): Pad 73 [Net-(C2-Pad1)] of U1 on F.Cu
[unconnected_items]: Missing connection between items
    Local override; error
    @(62.5000 mm, 72.7900 mm): Pad 2 [Net-(U1-NRST)] of C3 on F.Cu
    @(69.5750 mm, 69.0000 mm): Pad 14 [Net-(U1-NRST)] of U1 on F.Cu
[unconnected_items]: Missing connection between items
    Local override; error
    @(62.5000 mm, 73.7500 mm): Pad 1 [Net-(C3-Pad1)] of C3 on F.Cu
    @(67.5250 mm, 65.0000 mm): Pad 2 [Net-(C3-Pad1)] of SW1 on F.Cu
[unconnected_items]: Missing connection between items
    Local override; error
    @(62.2500 mm, 76.0200 mm): Pad 2 [Net-(U1-PH1)] of C4 on F.Cu
    @(65.3000 mm, 75.5000 mm): Pad 1 [Net-(U1-PH1)] of Y1 on F.Cu
[unconnected_items]: Missing connection between items
    Local override; error
    @(65.3000 mm, 75.5000 mm): Pad 1 [Net-(U1-PH1)] of Y1 on F.Cu
    @(69.5750 mm, 68.5000 mm): Pad 13 [Net-(U1-PH1)] of U1 on F.Cu
[unconnected_items]: Missing connection between items
    Local override; error
    @(62.2500 mm, 77.9800 mm): Pad 2 [Net-(U1-PH0)] of C5 on F.Cu
    @(67.5000 mm, 75.5000 mm): Pad 2 [Net-(U1-PH0)] of Y1 on F.Cu
[unconnected_items]: Missing connection between items
    Local override; error
    @(67.5000 mm, 75.5000 mm): Pad 2 [Net-(U1-PH0)] of Y1 on F.Cu
    @(69.5750 mm, 68.0000 mm): Pad 12 [Net-(U1-PH0)] of U1 on F.Cu
[unconnected_items]: Missing connection between items
    Local override; error
    @(66.7500 mm, 49.7750 mm): Pad 2 [/VBAT_RAW] of C7 on F.Cu
    @(64.2500 mm, 49.7750 mm): Pad 2 [/VBAT_RAW] of C6 on F.Cu
[unconnected_items]: Missing connection between items
    Local override; error
    @(78.8250 mm, 75.1750 mm): Pad 1 [/VBAT_RAW] of D2 on B.Cu
    @(85.0000 mm, 77.6750 mm): Pad 1 [/VBAT_RAW] of R2 on F.Cu
[unconnected_items]: Missing connection between items
    Local override; error
    @(78.8250 mm, 75.1750 mm): Pad 1 [/VBAT_RAW] of D2 on B.Cu
    @(61.6750 mm, 75.5500 mm): Pad 1 [/VBAT_RAW] of J2 on B.Cu
[unconnected_items]: Missing connection between items
    Local override; error
    @(84.0200 mm, 49.9375 mm): Pad 2 [/VBAT_RAW] of U2 on F.Cu
    @(66.7500 mm, 49.7750 mm): Pad 2 [/VBAT_RAW] of C7 on F.Cu
[unconnected_items]: Missing connection between items
    Local override; error
    @(85.0000 mm, 77.6750 mm): Pad 1 [/VBAT_RAW] of R2 on F.Cu
    @(86.5000 mm, 65.1750 mm): Pad 2 [/VBAT_RAW] of C9 on F.Cu
[unconnected_items]: Missing connection between items
    Local override; error
    @(86.2300 mm, 78.6750 mm): Pad 2 [/VBAT_RAW] of R8 on F.Cu
    @(85.0000 mm, 77.6750 mm): Pad 1 [/VBAT_RAW] of R2 on F.Cu
[unconnected_items]: Missing connection between items
    Local override; error
    @(86.5000 mm, 65.1750 mm): Pad 2 [/VBAT_RAW] of C9 on F.Cu
    @(84.0200 mm, 49.9375 mm): Pad 2 [/VBAT_RAW] of U2 on F.Cu
[unconnected_items]: Missing connection between items
    Local override; error
    @(57.2500 mm, 77.8500 mm): Pad 1 [+3V3] of C12 on F.Cu
    @(58.2500 mm, 77.8500 mm): Pad 1 [+3V3] of C13 on F.Cu
[unconnected_items]: Missing connection between items
    Local override; error
    @(58.2500 mm, 77.8500 mm): Pad 1 [+3V3] of C13 on F.Cu
    @(59.2500 mm, 76.0000 mm): Pad 1 [+3V3] of C25 on F.Cu
[unconnected_items]: Missing connection between items
    Local override; error
    @(59.2500 mm, 76.0000 mm): Pad 1 [+3V3] of C25 on F.Cu
    @(60.2500 mm, 75.9800 mm): Pad 1 [+3V3] of C26 on F.Cu
[unconnected_items]: Missing connection between items
    Local override; error
    @(60.2500 mm, 75.9800 mm): Pad 1 [+3V3] of C26 on F.Cu
    @(61.2500 mm, 75.9800 mm): Pad 1 [+3V3] of C27 on F.Cu
[unconnected_items]: Missing connection between items
    Local override; error
    @(63.2500 mm, 75.2500 mm): Pad 2 [+3V3] of R16 on F.Cu
    @(61.2500 mm, 75.9800 mm): Pad 1 [+3V3] of C27 on F.Cu
[unconnected_items]: Missing connection between items
    Local override; error
    @(63.2500 mm, 75.2500 mm): Pad 2 [+3V3] of R16 on F.Cu
    @(64.2500 mm, 77.7500 mm): Pad 2 [+3V3] of C28 on F.Cu
[unconnected_items]: Missing connection between items
    Local override; error
    @(63.5000 mm, 80.5500 mm): Pad 1 [+3V3] of C14 on F.Cu
    @(63.5000 mm, 82.2250 mm): Pad 1 [+3V3] of C15 on F.Cu
[unconnected_items]: Missing connection between items
    Local override; error
    @(63.5000 mm, 80.5500 mm): Pad 1 [+3V3] of C14 on F.Cu
    @(64.2500 mm, 77.7500 mm): Pad 2 [+3V3] of C28 on F.Cu
[unconnected_items]: Missing connection between items
    Local override; error
    @(63.8250 mm, 72.2500 mm): Pad 1 [+3V3] of SW2 on F.Cu
    @(63.2500 mm, 75.2500 mm): Pad 2 [+3V3] of R16 on F.Cu
[unconnected_items]: Missing connection between items
    Local override; error
    @(64.2500 mm, 77.7500 mm): Pad 2 [+3V3] of C28 on F.Cu
    @(66.2500 mm, 77.7500 mm): Pad 2 [+3V3] of R21 on F.Cu
[unconnected_items]: Missing connection between items
    Local override; error
    @(67.0000 mm, 78.6750 mm): Pad 1 [+3V3] of C11 on F.Cu
    @(68.0000 mm, 78.6950 mm): Pad 1 [+3V3] of C10 on F.Cu
[unconnected_items]: Missing connection between items
    Local override; error
    @(67.0000 mm, 78.6750 mm): Pad 1 [+3V3] of C11 on F.Cu
    @(66.2500 mm, 77.7500 mm): Pad 2 [+3V3] of R21 on F.Cu
[unconnected_items]: Missing connection between items
    Local override; error
    @(68.2500 mm, 76.7500 mm): Pad 1 [+3V3] of C22 on F.Cu
    @(69.2700 mm, 77.2500 mm): Pad 1 [+3V3] of C29 on F.Cu
[unconnected_items]: Missing connection between items
    Local override; error
    @(69.2700 mm, 77.2500 mm): Pad 1 [+3V3] of C29 on F.Cu
    @(68.0000 mm, 78.6950 mm): Pad 1 [+3V3] of C10 on F.Cu
[unconnected_items]: Missing connection between items
    Local override; error
    @(69.5750 mm, 65.0000 mm): Pad 6 [+3V3] of U1 on F.Cu
    @(69.5750 mm, 67.5000 mm): Pad 11 [+3V3] of U1 on F.Cu
[unconnected_items]: Missing connection between items
    Local override; error
    @(69.5750 mm, 65.0000 mm): Pad 6 [+3V3] of U1 on F.Cu
    @(71.2500 mm, 60.8250 mm): Pad 100 [+3V3] of U1 on F.Cu
[unconnected_items]: Missing connection between items
    Local override; error
    @(69.5750 mm, 67.5000 mm): Pad 11 [+3V3] of U1 on F.Cu
    @(72.1200 mm, 70.3650 mm): Pad 4 [+3V3] of J1 on B.Cu
[unconnected_items]: Missing connection between items
    Local override; error
    @(69.5750 mm, 72.0000 mm): Pad 20 [+3V3] of U1 on F.Cu
    @(69.5750 mm, 72.5000 mm): Pad 21 [+3V3] of U1 on F.Cu
[unconnected_items]: Missing connection between items
    Local override; error
    @(69.5750 mm, 72.0000 mm): Pad 20 [+3V3] of U1 on F.Cu
    @(72.1200 mm, 70.3650 mm): Pad 4 [+3V3] of J1 on B.Cu
[unconnected_items]: Missing connection between items
    Local override; error
    @(69.5750 mm, 72.5000 mm): Pad 21 [+3V3] of U1 on F.Cu
    @(71.7500 mm, 76.1750 mm): Pad 27 [+3V3] of U1 on F.Cu
[unconnected_items]: Missing connection between items
    Local override; error
    @(71.2500 mm, 60.8250 mm): Pad 100 [+3V3] of U1 on F.Cu
    @(79.9900 mm, 59.2500 mm): Pad 2 [+3V3] of R14 on F.Cu
[unconnected_items]: Missing connection between items
    Local override; error
    @(71.7500 mm, 76.1750 mm): Pad 27 [+3V3] of U1 on F.Cu
    @(69.2700 mm, 77.2500 mm): Pad 1 [+3V3] of C29 on F.Cu
[unconnected_items]: Missing connection between items
    Local override; error
    @(71.7500 mm, 76.1750 mm): Pad 27 [+3V3] of U1 on F.Cu
    @(81.2500 mm, 77.9900 mm): Pad 8 [+3V3] of U4 on F.Cu
[unconnected_items]: Missing connection between items
    Local override; error
    @(81.2500 mm, 77.9900 mm): Pad 8 [+3V3] of U4 on F.Cu
    @(82.5000 mm, 79.0200 mm): Pad 2 [+3V3] of R11 on F.Cu
[unconnected_items]: Missing connection between items
    Local override; error
    @(82.5000 mm, 79.0200 mm): Pad 2 [+3V3] of R11 on F.Cu
    @(81.5100 mm, 79.7500 mm): Pad 5 [+3V3] of U4 on F.Cu
[unconnected_items]: Missing connection between items
    Local override; error
    @(82.6125 mm, 58.9500 mm): Pad 5 [+3V3] of U3 on F.Cu
    @(79.9900 mm, 59.2500 mm): Pad 2 [+3V3] of R14 on F.Cu
[unconnected_items]: Missing connection between items
    Local override; error
    @(83.2500 mm, 76.1750 mm): Pad 50 [+3V3] of U1 on F.Cu
    @(81.2500 mm, 77.9900 mm): Pad 8 [+3V3] of U4 on F.Cu
[unconnected_items]: Missing connection between items
    Local override; error
    @(83.5000 mm, 79.0200 mm): Pad 2 [+3V3] of R15 on F.Cu
    @(82.5000 mm, 79.0200 mm): Pad 2 [+3V3] of R11 on F.Cu
[unconnected_items]: Missing connection between items
    Local override; error
    @(84.3800 mm, 80.7500 mm): Pad 10 [+3V3] of U5 on F.Cu
    @(83.5000 mm, 79.0200 mm): Pad 2 [+3V3] of R15 on F.Cu
[unconnected_items]: Missing connection between items
    Local override; error
    @(84.9250 mm, 62.5000 mm): Pad 75 [+3V3] of U1 on F.Cu
    @(85.5000 mm, 60.2900 mm): Pad 1 [+3V3] of C8 on F.Cu
[unconnected_items]: Missing connection between items
    Local override; error
    @(85.0000 mm, 81.1200 mm): Pad 1 [+3V3] of U5 on F.Cu
    @(84.3800 mm, 80.7500 mm): Pad 10 [+3V3] of U5 on F.Cu
[unconnected_items]: Missing connection between items
    Local override; error
    @(85.5000 mm, 60.2900 mm): Pad 1 [+3V3] of C8 on F.Cu
    @(82.6125 mm, 58.9500 mm): Pad 5 [+3V3] of U3 on F.Cu
[unconnected_items]: Missing connection between items
    Local override; error
    @(85.5000 mm, 60.2900 mm): Pad 1 [+3V3] of C8 on F.Cu
    @(86.5000 mm, 55.4800 mm): Pad 2 [+3V3] of R18 on F.Cu
[unconnected_items]: Missing connection between items
    Local override; error
    @(85.5000 mm, 79.3800 mm): Pad 6 [+3V3] of U5 on F.Cu
    @(84.3800 mm, 80.7500 mm): Pad 10 [+3V3] of U5 on F.Cu
[unconnected_items]: Missing connection between items
    Local override; error
    @(85.7050 mm, 83.0000 mm): Pad 2 [+3V3] of R10 on F.Cu
    @(85.0000 mm, 81.1200 mm): Pad 1 [+3V3] of U5 on F.Cu
[unconnected_items]: Missing connection between items
    Local override; error
    @(85.7500 mm, 75.5000 mm): Pad 2 [+3V3] of R19 on F.Cu
    @(83.2500 mm, 76.1750 mm): Pad 50 [+3V3] of U1 on F.Cu
[unconnected_items]: Missing connection between items
    Local override; error
    @(91.7500 mm, 77.2400 mm): Pad 2 [+3V3] of R17 on F.Cu
    @(85.7500 mm, 75.5000 mm): Pad 2 [+3V3] of R19 on F.Cu
[unconnected_items]: Missing connection between items
    Local override; error
    @(69.2700 mm, 54.0000 mm): Pad 1 [Net-(D1-K)] of L1 on F.Cu
    @(59.2500 mm, 76.8900 mm): Pad 2 [Net-(D1-K)] of C16 on F.Cu
[unconnected_items]: Missing connection between items
    Local override; error
    @(85.2900 mm, 55.0625 mm): Pad 8 [Net-(D1-K)] of U2 on F.Cu
    @(69.2700 mm, 54.0000 mm): Pad 1 [Net-(D1-K)] of L1 on F.Cu
[unconnected_items]: Missing connection between items
    Local override; error
    @(86.1750 mm, 75.6750 mm): Pad 1 [Net-(D1-K)] of D1 on B.Cu
    @(85.2900 mm, 55.0625 mm): Pad 8 [Net-(D1-K)] of U2 on F.Cu
[unconnected_items]: Missing connection between items
    Local override; error
    @(59.2500 mm, 77.8500 mm): Pad 1 [Net-(U2-BOOT)] of C16 on F.Cu
    @(85.2900 mm, 49.9375 mm): Pad 1 [Net-(U2-BOOT)] of U2 on F.Cu
[unconnected_items]: Missing connection between items
    Local override; error
    @(61.6750 mm, 58.0500 mm): Pad 1 [+5V] of J5 on F.Cu
    @(61.6750 mm, 67.8000 mm): Pad 1 [+5V] of J7 on F.Cu
[unconnected_items]: Missing connection between items
    Local override; error
    @(64.2500 mm, 54.5250 mm): Pad 1 [+5V] of C17 on F.Cu
    @(61.6750 mm, 58.0500 mm): Pad 1 [+5V] of J5 on F.Cu
[unconnected_items]: Missing connection between items
    Local override; error
    @(65.2700 mm, 76.7500 mm): Pad 2 [+5V] of R20 on F.Cu
    @(65.0000 mm, 78.7700 mm): Pad 1 [+5V] of C30 on F.Cu
[unconnected_items]: Missing connection between items
    Local override; error
    @(65.2700 mm, 76.7500 mm): Pad 2 [+5V] of R20 on F.Cu
    @(61.6750 mm, 67.8000 mm): Pad 1 [+5V] of J7 on F.Cu
[unconnected_items]: Missing connection between items
    Local override; error
    @(66.7500 mm, 54.5250 mm): Pad 1 [+5V] of C18 on F.Cu
    @(64.2500 mm, 54.5250 mm): Pad 1 [+5V] of C17 on F.Cu
[unconnected_items]: Missing connection between items
    Local override; error
    @(79.2300 mm, 54.0000 mm): Pad 2 [+5V] of L1 on F.Cu
    @(66.7500 mm, 54.5250 mm): Pad 1 [+5V] of C18 on F.Cu
[unconnected_items]: Missing connection between items
    Local override; error
    @(84.7500 mm, 82.0000 mm): Pad 1 [+5V] of R5 on F.Cu
    @(87.4750 mm, 73.9250 mm): Pad 1 [+5V] of J3 on F.Cu
[unconnected_items]: Missing connection between items
    Local override; error
    @(84.8875 mm, 57.0500 mm): Pad 3 [+5V] of U3 on F.Cu
    @(79.2300 mm, 54.0000 mm): Pad 2 [+5V] of L1 on F.Cu
[unconnected_items]: Missing connection between items
    Local override; error
    @(84.8875 mm, 58.9500 mm): Pad 1 [+5V] of U3 on F.Cu
    @(84.8875 mm, 57.0500 mm): Pad 3 [+5V] of U3 on F.Cu
[unconnected_items]: Missing connection between items
    Local override; error
    @(86.5000 mm, 63.1950 mm): Pad 2 [+5V] of C21 on F.Cu
    @(87.4750 mm, 61.7750 mm): Pad 1 [+5V] of J6 on F.Cu
[unconnected_items]: Missing connection between items
    Local override; error
    @(87.4750 mm, 61.7750 mm): Pad 1 [+5V] of J6 on F.Cu
    @(84.8875 mm, 58.9500 mm): Pad 1 [+5V] of U3 on F.Cu
[unconnected_items]: Missing connection between items
    Local override; error
    @(87.4750 mm, 65.5250 mm): Pad 1 [+5V] of J4 on B.Cu
    @(86.5000 mm, 63.1950 mm): Pad 2 [+5V] of C21 on F.Cu
[unconnected_items]: Missing connection between items
    Local override; error
    @(87.4750 mm, 73.9250 mm): Pad 1 [+5V] of J3 on F.Cu
    @(87.4750 mm, 65.5250 mm): Pad 1 [+5V] of J4 on B.Cu
[unconnected_items]: Missing connection between items
    Local override; error
    @(60.2500 mm, 77.8500 mm): Pad 1 [Net-(C19-Pad1)] of C19 on F.Cu
    @(88.0200 mm, 77.6750 mm): Pad 2 [Net-(C19-Pad1)] of R7 on F.Cu
[unconnected_items]: Missing connection between items
    Local override; error
    @(61.2500 mm, 77.8500 mm): Pad 1 [Net-(U2-COMP)] of C20 on F.Cu
    @(87.0000 mm, 77.6750 mm): Pad 1 [Net-(U2-COMP)] of R7 on F.Cu
[unconnected_items]: Missing connection between items
    Local override; error
    @(87.0000 mm, 77.6750 mm): Pad 1 [Net-(U2-COMP)] of R7 on F.Cu
    @(82.7500 mm, 55.0625 mm): Pad 6 [Net-(U2-COMP)] of U2 on F.Cu
[unconnected_items]: Missing connection between items
    Local override; error
    @(69.5750 mm, 69.5000 mm): Pad 15 [Net-(U1-PC0)] of U1 on F.Cu
    @(57.2500 mm, 76.0000 mm): Pad 1 [Net-(U1-PC0)] of C23 on F.Cu
[unconnected_items]: Missing connection between items
    Local override; error
    @(83.5000 mm, 81.0200 mm): Pad 1 [Net-(U1-PC0)] of R9 on F.Cu
    @(87.2500 mm, 78.6750 mm): Pad 1 [Net-(U1-PC0)] of R8 on F.Cu
[unconnected_items]: Missing connection between items
    Local override; error
    @(83.5000 mm, 81.0200 mm): Pad 1 [Net-(U1-PC0)] of R9 on F.Cu
    @(69.5750 mm, 69.5000 mm): Pad 15 [Net-(U1-PC0)] of U1 on F.Cu
[unconnected_items]: Missing connection between items
    Local override; error
    @(58.2500 mm, 75.0400 mm): Pad 2 [/CURR] of C24 on F.Cu
    @(61.6750 mm, 74.3000 mm): Pad 2 [/CURR] of J2 on B.Cu
[unconnected_items]: Missing connection between items
    Local override; error
    @(61.6750 mm, 74.3000 mm): Pad 2 [/CURR] of J2 on B.Cu
    @(69.5750 mm, 70.0000 mm): Pad 16 [/CURR] of U1 on F.Cu
[unconnected_items]: Missing connection between items
    Local override; error
    @(66.2900 mm, 76.7500 mm): Pad 1 [Net-(D3-A)] of R20 on F.Cu
    @(68.0000 mm, 82.5375 mm): Pad 2 [Net-(D3-A)] of D3 on F.Cu
[unconnected_items]: Missing connection between items
    Local override; error
    @(65.2300 mm, 77.7500 mm): Pad 1 [Net-(D4-A)] of R21 on F.Cu
    @(66.5000 mm, 82.5000 mm): Pad 2 [Net-(D4-A)] of D4 on F.Cu
[unconnected_items]: Missing connection between items
    Local override; error
    @(65.0000 mm, 81.0000 mm): Pad 2 [Net-(D5-A)] of D5 on F.Cu
    @(67.2300 mm, 77.7500 mm): Pad 1 [Net-(D5-A)] of R22 on F.Cu
[unconnected_items]: Missing connection between items
    Local override; error
    @(71.0200 mm, 70.3650 mm): Pad 5 [/SD_CLK] of J1 on B.Cu
    @(81.2500 mm, 60.8250 mm): Pad 80 [/SD_CLK] of U1 on F.Cu
[unconnected_items]: Missing connection between items
    Local override; error
    @(67.7200 mm, 70.3650 mm): Pad 8 [/SD_D1] of J1 on B.Cu
    @(84.9250 mm, 67.0000 mm): Pad 66 [/SD_D1] of U1 on F.Cu
[unconnected_items]: Missing connection between items
    Local override; error
    @(84.9250 mm, 67.0000 mm): Pad 66 [/SD_D1] of U1 on F.Cu
    @(86.5000 mm, 56.5000 mm): Pad 1 [/SD_D1] of R18 on F.Cu
[unconnected_items]: Missing connection between items
    Local override; error
    @(69.5750 mm, 65.5000 mm): Pad 7 [/SD_DET] of U1 on F.Cu
    @(66.7700 mm, 70.3650 mm): Pad 9 [/SD_DET] of J1 on B.Cu
[unconnected_items]: Missing connection between items
    Local override; error
    @(86.7700 mm, 75.5000 mm): Pad 1 [/SD_DET] of R19 on F.Cu
    @(69.5750 mm, 65.5000 mm): Pad 7 [/SD_DET] of U1 on F.Cu
[unconnected_items]: Missing connection between items
    Local override; error
    @(68.8200 mm, 70.3650 mm): Pad 7 [/SD_D0] of J1 on B.Cu
    @(84.9250 mm, 67.5000 mm): Pad 65 [/SD_D0] of U1 on F.Cu
[unconnected_items]: Missing connection between items
    Local override; error
    @(84.9250 mm, 67.5000 mm): Pad 65 [/SD_D0] of U1 on F.Cu
    @(81.0100 mm, 59.2500 mm): Pad 1 [/SD_D0] of R14 on F.Cu
[unconnected_items]: Missing connection between items
    Local override; error
    @(73.2200 mm, 70.3650 mm): Pad 3 [/SD_CMD] of J1 on B.Cu
    @(83.5000 mm, 78.0000 mm): Pad 1 [/SD_CMD] of R15 on F.Cu
[unconnected_items]: Missing connection between items
    Local override; error
    @(79.7500 mm, 60.8250 mm): Pad 83 [/SD_CMD] of U1 on F.Cu
    @(73.2200 mm, 70.3650 mm): Pad 3 [/SD_CMD] of J1 on B.Cu
[unconnected_items]: Missing connection between items
    Local override; error
    @(63.2500 mm, 76.2700 mm): Pad 1 [/SD_D3] of R16 on F.Cu
    @(74.3200 mm, 70.3650 mm): Pad 2 [/SD_D3] of J1 on B.Cu
[unconnected_items]: Missing connection between items
    Local override; error
    @(74.3200 mm, 70.3650 mm): Pad 2 [/SD_D3] of J1 on B.Cu
    @(81.7500 mm, 60.8250 mm): Pad 79 [/SD_D3] of U1 on F.Cu
[unconnected_items]: Missing connection between items
    Local override; error
    @(75.4200 mm, 70.3650 mm): Pad 1 [/SD_D2] of J1 on B.Cu
    @(91.7500 mm, 78.2600 mm): Pad 1 [/SD_D2] of R17 on F.Cu
[unconnected_items]: Missing connection between items
    Local override; error
    @(82.2500 mm, 60.8250 mm): Pad 78 [/SD_D2] of U1 on F.Cu
    @(75.4200 mm, 70.3650 mm): Pad 1 [/SD_D2] of J1 on B.Cu
[unconnected_items]: Missing connection between items
    Local override; error
    @(61.6750 mm, 70.5500 mm): Pad 5 [/MOTOR2] of J2 on B.Cu
    @(69.5750 mm, 73.5000 mm): Pad 23 [/MOTOR2] of U1 on F.Cu
[unconnected_items]: Missing connection between items
    Local override; error
    @(61.6750 mm, 73.0500 mm): Pad 3 [/UART4_RX] of J2 on B.Cu
    @(73.7500 mm, 60.8250 mm): Pad 95 [/UART4_RX] of U1 on F.Cu
[unconnected_items]: Missing connection between items
    Local override; error
    @(61.6750 mm, 69.3000 mm): Pad 6 [/MOTOR3] of J2 on B.Cu
    @(69.5750 mm, 74.0000 mm): Pad 24 [/MOTOR3] of U1 on F.Cu
[unconnected_items]: Missing connection between items
    Local override; error
    @(61.6750 mm, 68.0500 mm): Pad 7 [/MOTOR4] of J2 on B.Cu
    @(69.5750 mm, 74.5000 mm): Pad 25 [/MOTOR4] of U1 on F.Cu
[unconnected_items]: Missing connection between items
    Local override; error
    @(61.6750 mm, 71.8000 mm): Pad 4 [/MOTOR1] of J2 on B.Cu
    @(69.5750 mm, 73.0000 mm): Pad 22 [/MOTOR1] of U1 on F.Cu
[unconnected_items]: Missing connection between items
    Local override; error
    @(81.7500 mm, 76.1750 mm): Pad 47 [/I2C2_SDA] of U1 on F.Cu
    @(82.5000 mm, 78.0000 mm): Pad 1 [/I2C2_SDA] of R11 on F.Cu
[unconnected_items]: Missing connection between items
    Local override; error
    @(82.5000 mm, 78.0000 mm): Pad 1 [/I2C2_SDA] of R11 on F.Cu
    @(86.1200 mm, 80.2500 mm): Pad 4 [/I2C2_SDA] of U5 on F.Cu
[unconnected_items]: Missing connection between items
    Local override; error
    @(87.4750 mm, 67.6750 mm): Pad 6 [/I2C2_SDA] of J3 on F.Cu
    @(81.7500 mm, 76.1750 mm): Pad 47 [/I2C2_SDA] of U1 on F.Cu
[unconnected_items]: Missing connection between items
    Local override; error
    @(84.6850 mm, 83.0000 mm): Pad 1 [/I2C2_SCL] of R10 on F.Cu
    @(85.5000 mm, 81.1200 mm): Pad 2 [/I2C2_SCL] of U5 on F.Cu
[unconnected_items]: Missing connection between items
    Local override; error
    @(85.5000 mm, 81.1200 mm): Pad 2 [/I2C2_SCL] of U5 on F.Cu
    @(81.2500 mm, 76.1750 mm): Pad 46 [/I2C2_SCL] of U1 on F.Cu
[unconnected_items]: Missing connection between items
    Local override; error
    @(87.4750 mm, 68.9250 mm): Pad 5 [/I2C2_SCL] of J3 on F.Cu
    @(81.2500 mm, 76.1750 mm): Pad 46 [/I2C2_SCL] of U1 on F.Cu
[unconnected_items]: Missing connection between items
    Local override; error
    @(77.7500 mm, 60.8250 mm): Pad 87 [/USART2_RX] of U1 on F.Cu
    @(87.4750 mm, 70.1750 mm): Pad 4 [/USART2_RX] of J3 on F.Cu
[unconnected_items]: Missing connection between items
    Local override; error
    @(78.2500 mm, 60.8250 mm): Pad 86 [/USART2_TX] of U1 on F.Cu
    @(87.4750 mm, 71.4250 mm): Pad 3 [/USART2_TX] of J3 on F.Cu
[unconnected_items]: Missing connection between items
    Local override; error
    @(85.7500 mm, 76.5000 mm): Pad 2 [/WS2812_DATA] of R23 on F.Cu
    @(87.4750 mm, 66.7750 mm): Pad 2 [/WS2812_DATA] of J4 on B.Cu
[unconnected_items]: Missing connection between items
    Local override; error
    @(61.6750 mm, 60.5500 mm): Pad 3 [/USART6_TX] of J5 on F.Cu
    @(84.9250 mm, 68.5000 mm): Pad 63 [/USART6_TX] of U1 on F.Cu
[unconnected_items]: Missing connection between items
    Local override; error
    @(61.6750 mm, 61.8000 mm): Pad 4 [/USART6_RX] of J5 on F.Cu
    @(84.9250 mm, 68.0000 mm): Pad 64 [/USART6_RX] of U1 on F.Cu
[unconnected_items]: Missing connection between items
    Local override; error
    @(84.9250 mm, 65.5000 mm): Pad 69 [/USART1_RX] of U1 on F.Cu
    @(87.4750 mm, 58.0250 mm): Pad 4 [/USART1_RX] of J6 on F.Cu
[unconnected_items]: Missing connection between items
    Local override; error
    @(84.9250 mm, 66.0000 mm): Pad 68 [/USART1_TX] of U1 on F.Cu
    @(87.4750 mm, 59.2750 mm): Pad 3 [/USART1_TX] of J6 on F.Cu
[unconnected_items]: Missing connection between items
    Local override; error
    @(61.6750 mm, 70.3000 mm): Pad 3 [/USART7_TX] of J7 on F.Cu
    @(77.2500 mm, 76.1750 mm): Pad 38 [/USART7_TX] of U1 on F.Cu
[unconnected_items]: Missing connection between items
    Local override; error
    @(61.6750 mm, 71.5500 mm): Pad 4 [/USART7_RX] of J7 on F.Cu
    @(76.7500 mm, 76.1750 mm): Pad 37 [/USART7_RX] of U1 on F.Cu
[unconnected_items]: Missing connection between items
    Local override; error
    @(74.2500 mm, 60.8250 mm): Pad 94 [Net-(U1-BOOT0)] of U1 on F.Cu
    @(63.8250 mm, 66.2500 mm): Pad 2 [Net-(U1-BOOT0)] of SW2 on F.Cu
[unconnected_items]: Missing connection between items
    Local override; error
    @(90.0200 mm, 77.6750 mm): Pad 2 [Net-(U1-BOOT0)] of R1 on F.Cu
    @(74.2500 mm, 60.8250 mm): Pad 94 [Net-(U1-BOOT0)] of U1 on F.Cu
[unconnected_items]: Missing connection between items
    Local override; error
    @(69.2500 mm, 76.2500 mm): Pad 1 [Net-(U2-EN)] of R3 on F.Cu
    @(86.0200 mm, 77.6750 mm): Pad 2 [Net-(U2-EN)] of R2 on F.Cu
[unconnected_items]: Missing connection between items
    Local override; error
    @(86.0200 mm, 77.6750 mm): Pad 2 [Net-(U2-EN)] of R2 on F.Cu
    @(82.7500 mm, 49.9375 mm): Pad 3 [Net-(U2-EN)] of U2 on F.Cu
[unconnected_items]: Missing connection between items
    Local override; error
    @(81.4800 mm, 49.9375 mm): Pad 4 [Net-(U2-RT/CLK)] of U2 on F.Cu
    @(83.7500 mm, 84.0200 mm): Pad 1 [Net-(U2-RT/CLK)] of R4 on F.Cu
[unconnected_items]: Missing connection between items
    Local override; error
    @(70.0000 mm, 60.5000 mm): Pad 2 [Net-(U2-FB)] of R6 on F.Cu
    @(85.7700 mm, 82.0000 mm): Pad 2 [Net-(U2-FB)] of R5 on F.Cu
[unconnected_items]: Missing connection between items
    Local override; error
    @(81.4800 mm, 55.0625 mm): Pad 5 [Net-(U2-FB)] of U2 on F.Cu
    @(70.0000 mm, 60.5000 mm): Pad 2 [Net-(U2-FB)] of R6 on F.Cu
[unconnected_items]: Missing connection between items
    Local override; error
    @(75.4300 mm, 78.5375 mm): Pad B5 [Net-(USB1-CC2)] of USB1 on F.Cu
    @(84.6950 mm, 84.0000 mm): Pad 1 [Net-(USB1-CC2)] of R12 on F.Cu
[unconnected_items]: Missing connection between items
    Local override; error
    @(72.4300 mm, 78.5375 mm): Pad A5 [Net-(USB1-CC1)] of USB1 on F.Cu
    @(82.5000 mm, 80.0000 mm): Pad 1 [Net-(USB1-CC1)] of R13 on F.Cu
[unconnected_items]: Missing connection between items
    Local override; error
    @(68.2500 mm, 77.7500 mm): Pad 2 [/LED_STATUS] of R22 on F.Cu
    @(75.7500 mm, 76.1750 mm): Pad 35 [/LED_STATUS] of U1 on F.Cu
[unconnected_items]: Missing connection between items
    Local override; error
    @(75.2500 mm, 76.1750 mm): Pad 34 [Net-(U1-PB0)] of U1 on F.Cu
    @(86.7700 mm, 76.5000 mm): Pad 1 [Net-(U1-PB0)] of R23 on F.Cu
[unconnected_items]: Missing connection between items
    Local override; error
    @(69.5750 mm, 66.5000 mm): Pad 9 [/IMU_CS] of U1 on F.Cu
    @(79.4900 mm, 78.7500 mm): Pad 12 [/IMU_CS] of U4 on F.Cu
[unconnected_items]: Missing connection between items
    Local override; error
    @(79.7500 mm, 83.9000 mm): Pad 6 [/USB_DP_MCU] of U6 on F.Cu
    @(84.9250 mm, 64.5000 mm): Pad 71 [/USB_DP_MCU] of U1 on F.Cu
[unconnected_items]: Missing connection between items
    Local override; error
    @(73.2500 mm, 76.1750 mm): Pad 30 [/SPI1_MISO] of U1 on F.Cu
    @(79.7500 mm, 80.5100 mm): Pad 1 [/SPI1_MISO] of U4 on F.Cu
[unconnected_items]: Missing connection between items
    Local override; error
    @(72.7500 mm, 76.1750 mm): Pad 29 [/SPI1_SCLK] of U1 on F.Cu
    @(79.4900 mm, 79.2500 mm): Pad 13 [/SPI1_SCLK] of U4 on F.Cu
[unconnected_items]: Missing connection between items
    Local override; error
    @(73.7500 mm, 76.1750 mm): Pad 31 [/SPI1_MOSI] of U1 on F.Cu
    @(79.4900 mm, 79.7500 mm): Pad 14 [/SPI1_MOSI] of U4 on F.Cu
[unconnected_items]: Missing connection between items
    Local override; error
    @(79.7500 mm, 82.0000 mm): Pad 4 [/USB_DM_MCU] of U6 on F.Cu
    @(84.9250 mm, 65.0000 mm): Pad 70 [/USB_DM_MCU] of U1 on F.Cu
[unconnected_items]: Missing connection between items
    Local override; error
    @(76.0800 mm, 78.5375 mm): Pad B4A9 [/VBUS] of USB1 on F.Cu
    @(71.2800 mm, 78.5375 mm): Pad A4B9 [/VBUS] of USB1 on F.Cu
[unconnected_items]: Missing connection between items
    Local override; error
    @(79.7500 mm, 82.9500 mm): Pad 5 [/VBUS] of U6 on F.Cu
    @(76.0800 mm, 78.5375 mm): Pad B4A9 [/VBUS] of USB1 on F.Cu
[unconnected_items]: Missing connection between items
    Local override; error
    @(73.9300 mm, 78.5375 mm): Pad A7 [/USB_DM] of USB1 on F.Cu
    @(72.9300 mm, 78.5375 mm): Pad B7 [/USB_DM] of USB1 on F.Cu
[unconnected_items]: Missing connection between items
    Local override; error
    @(82.0250 mm, 82.0000 mm): Pad 3 [/USB_DM] of U6 on F.Cu
    @(73.9300 mm, 78.5375 mm): Pad A7 [/USB_DM] of USB1 on F.Cu
[unconnected_items]: Missing connection between items
    Local override; error
    @(74.4300 mm, 78.5375 mm): Pad B6 [/USB_DP] of USB1 on F.Cu
    @(73.4300 mm, 78.5375 mm): Pad A6 [/USB_DP] of USB1 on F.Cu
[unconnected_items]: Missing connection between items
    Local override; error
    @(82.0250 mm, 83.9000 mm): Pad 1 [/USB_DP] of U6 on F.Cu
    @(74.4300 mm, 78.5375 mm): Pad B6 [/USB_DP] of USB1 on F.Cu

** Found 0 Footprint errors **

** Ignored checks **
    - Footprint has no courtyard defined
    - Track endpoint not centered on via
    - Tuning profile track geometries
    - Footprint doesn't match symbol's footprint filters
    - Footprint component type doesn't match footprint pads

** End of Report **
